<?xml version="1.0" encoding="UTF-8"?>
<!-- Generated by org.testng.reporters.JUnitXMLReporter -->
<testsuite hostname="Chandu-PC" ignored="0" name="Test" tests="4" failures="1" timestamp="04 Dec 2019 15:22:26 GMT" time="51.354" errors="0">
  <testcase name="basePageNavigation" time="18.193" classname="com.mycompany.app.HomePage"/>
  <testcase name="basePageNavigation" time="9.652" classname="com.mycompany.app.HomePage"/>
  <testcase name="basePageNavigation" time="0.129" classname="com.mycompany.app.validateNavigationBar"/>
  <testcase name="basePageNavigation" time="0.069" classname="com.mycompany.app.validateTitle">
    <failure type="java.lang.AssertionError" message="expected [Featured Courses] but found [FEATURED COURSES]">
      <![CDATA[java.lang.AssertionError: expected [Featured Courses] but found [FEATURED COURSES]
at com.mycompany.app.validateTitle.basePageNavigation(validateTitle.java:30)
... Removed 35 stack frames]]>
    </failure>
  </testcase> <!-- basePageNavigation -->
</testsuite> <!-- Test -->
